<?xml version="1.0" encoding="utf-8"?><testsuites name="pytest tests"><testsuite name="pytest" errors="0" failures="0" skipped="0" tests="6" time="0.456" timestamp="2026-06-22T21:11:39.309664+00:00" hostname="agent-env-2118c01d-a0b2-4f47-8172-0f0e91bc976a"><testcase classname="backend.tests.test_iteration8_tiers_activity" name="test_benefits_ladder_canonical_tiers" time="0.148" /><testcase classname="backend.tests.test_iteration8_tiers_activity" name="test_co_owner_benefits_no_legacy" time="0.048" /><testcase classname="backend.tests.test_iteration8_tiers_activity" name="test_leaderboard_no_legacy_tiers" time="0.047" /><testcase classname="backend.tests.test_iteration8_tiers_activity" name="test_dashboard_user_tier_canonical" time="0.051" /><testcase classname="backend.tests.test_iteration8_tiers_activity" name="test_activity_endpoint_shape" time="0.049" /><testcase classname="backend.tests.test_iteration8_tiers_activity" name="test_activity_limit_clamp" time="0.052" /></testsuite></testsuites>