<?xml version="1.0" encoding="utf-8"?><testsuites name="pytest tests"><testsuite name="pytest" errors="0" failures="0" skipped="1" tests="17" time="2.000" timestamp="2026-06-22T18:49:33.796448+00:00" hostname="agent-env-2118c01d-a0b2-4f47-8172-0f0e91bc976a"><testcase classname="backend.tests.test_waitlist_and_progress.TestProgress12Steps" name="test_progress_returns_12_milestones_with_correct_shape" time="0.285" /><testcase classname="backend.tests.test_waitlist_and_progress.TestProgress12Steps" name="test_cascade_exactly_one_pending" time="0.050" /><testcase classname="backend.tests.test_waitlist_and_progress.TestProgress12Steps" name="test_progress_counts_consistent" time="0.054" /><testcase classname="backend.tests.test_waitlist_and_progress.TestAutoCompleteOnData" name="test_save_property_triggers_milestone" time="0.313" /><testcase classname="backend.tests.test_waitlist_and_progress.TestManualMilestone" name="test_complete_attend_webinar_if_pending" time="0.089"><skipped type="pytest.skip" message="attend_webinar is locked — pending step is elsewhere">/app/backend/tests/test_waitlist_and_progress.py:130: attend_webinar is locked — pending step is elsewhere</skipped></testcase><testcase classname="backend.tests.test_waitlist_and_progress.TestWaitlistPublic" name="test_join_success_credits_referrer" time="0.242" /><testcase classname="backend.tests.test_waitlist_and_progress.TestWaitlistPublic" name="test_join_duplicate_does_not_double_credit" time="0.212" /><testcase classname="backend.tests.test_waitlist_and_progress.TestWaitlistPublic" name="test_join_invalid_ref_still_records_no_credit" time="0.176" /><testcase classname="backend.tests.test_waitlist_and_progress.TestWaitlistPublic" name="test_join_malformed_email_returns_400" time="0.046" /><testcase classname="backend.tests.test_waitlist_and_progress.TestWaitlistInfo" name="test_info_valid_ref" time="0.045" /><testcase classname="backend.tests.test_waitlist_and_progress.TestWaitlistInfo" name="test_info_unknown_ref" time="0.043" /><testcase classname="backend.tests.test_waitlist_and_progress.TestWaitlistInfo" name="test_info_no_ref" time="0.047" /><testcase classname="backend.tests.test_waitlist_and_progress.TestReferralsWaitlistView" name="test_referrals_exposes_waitlist_signups" time="0.103" /><testcase classname="backend.tests.test_waitlist_and_progress.TestNoRegression" name="test_endpoint_200[/dashboard]" time="0.057" /><testcase classname="backend.tests.test_waitlist_and_progress.TestNoRegression" name="test_endpoint_200[/referrals]" time="0.048" /><testcase classname="backend.tests.test_waitlist_and_progress.TestNoRegression" name="test_endpoint_200[/webinars]" time="0.049" /><testcase classname="backend.tests.test_waitlist_and_progress.TestNoRegression" name="test_endpoint_200[/leaderboard]" time="0.049" /></testsuite></testsuites>