<?xml version="1.0" encoding="utf-8"?><testsuites name="pytest tests"><testsuite name="pytest" errors="0" failures="0" skipped="0" tests="18" time="4.474" timestamp="2026-06-22T19:24:58.271234+00:00" hostname="agent-env-2118c01d-a0b2-4f47-8172-0f0e91bc976a"><testcase classname="tests.test_brevo_migration.TestModuleLoad" name="test_brevo_client_imports" time="0.000" /><testcase classname="tests.test_brevo_migration.TestModuleLoad" name="test_email_service_send_imports" time="0.000" /><testcase classname="tests.test_brevo_migration.TestModuleLoad" name="test_no_resend_in_backend" time="0.001" /><testcase classname="tests.test_brevo_migration.TestModuleLoad" name="test_no_resend_in_requirements" time="0.000" /><testcase classname="tests.test_brevo_migration.TestModuleLoad" name="test_env_brevo_configured" time="0.000" /><testcase classname="tests.test_brevo_migration.TestWaitlistJoin" name="test_first_join_returns_already_false" time="0.165" /><testcase classname="tests.test_brevo_migration.TestWaitlistJoin" name="test_second_join_same_email_idempotent" time="2.056" /><testcase classname="tests.test_brevo_migration.TestWaitlistJoin" name="test_invalid_email_400" time="0.043" /><testcase classname="tests.test_brevo_migration.TestEmailOtp" name="test_email_start_returns_ok" time="0.050" /><testcase classname="tests.test_brevo_migration.TestContactPayload" name="test_upsert_payload_attributes" time="0.023" /><testcase classname="tests.test_brevo_migration.TestSendEmailWiring" name="test_sender_and_reply_to" time="0.021" /><testcase classname="tests.test_brevo_migration.TestSupportContact" name="test_support_contact_returns_ok" time="0.137" /><testcase classname="tests.test_brevo_migration.TestRetry" name="test_429_retries_three_times" time="1.664" /><testcase classname="tests.test_brevo_migration.TestRetry" name="test_non_429_no_retry" time="0.021" /><testcase classname="tests.test_brevo_migration.TestRegression" name="test_dashboard" time="0.062" /><testcase classname="tests.test_brevo_migration.TestRegression" name="test_referrals" time="0.047" /><testcase classname="tests.test_brevo_migration.TestRegression" name="test_progress_12_milestones" time="0.057" /><testcase classname="tests.test_brevo_migration.TestRegression" name="test_webinars" time="0.052" /></testsuite></testsuites>