<?xml version="1.0" encoding="utf-8"?><testsuites name="pytest tests"><testsuite name="pytest" errors="0" failures="0" skipped="1" tests="45" time="5.615" timestamp="2026-06-22T17:22:09.019809+00:00" hostname="agent-env-2118c01d-a0b2-4f47-8172-0f0e91bc976a"><testcase classname="backend.tests.backend_test.TestAuth" name="test_me_unauthenticated_returns_401" time="0.112" /><testcase classname="backend.tests.backend_test.TestAuth" name="test_me_with_bearer_returns_user" time="0.105" /><testcase classname="backend.tests.backend_test.TestDashboard" name="test_dashboard_payload" time="0.059" /><testcase classname="backend.tests.backend_test.TestDashboard" name="test_progress_payload" time="0.051" /><testcase classname="backend.tests.backend_test.TestDashboard" name="test_complete_milestone_grants_aed" time="0.162" /><testcase classname="backend.tests.backend_test.TestBenefitsLadder" name="test_payload" time="0.059" /><testcase classname="backend.tests.backend_test.TestProperties" name="test_list_properties" time="0.067" /><testcase classname="backend.tests.backend_test.TestProperties" name="test_waitlist_join_and_increment" time="0.169" /><testcase classname="backend.tests.backend_test.TestProperties" name="test_save_toggle" time="0.106" /><testcase classname="backend.tests.backend_test.TestAllocationInterests" name="test_get_categories" time="0.053" /><testcase classname="backend.tests.backend_test.TestAllocationInterests" name="test_persist_selection" time="0.102" /><testcase classname="backend.tests.backend_test.TestWebinars" name="test_upcoming" time="0.053" /><testcase classname="backend.tests.backend_test.TestWebinars" name="test_recorded" time="0.058" /><testcase classname="backend.tests.backend_test.TestWebinars" name="test_register_idempotent" time="0.107" /><testcase classname="backend.tests.backend_test.TestReferrals" name="test_referrals_payload" time="0.052" /><testcase classname="backend.tests.backend_test.TestReferrals" name="test_share_log" time="0.056" /><testcase classname="backend.tests.backend_test.TestLeaderboard" name="test_period[weekly]" time="0.059" /><testcase classname="backend.tests.backend_test.TestLeaderboard" name="test_period[monthly]" time="0.054" /><testcase classname="backend.tests.backend_test.TestLeaderboard" name="test_period[all_time]" time="0.059" /><testcase classname="backend.tests.backend_test.TestCommunityUpdates" name="test_list" time="0.051" /><testcase classname="backend.tests.backend_test.TestCommunityUpdates" name="test_like_toggle" time="0.168" /><testcase classname="backend.tests.backend_test.TestCommunityUpdates" name="test_save_toggle" time="0.111" /><testcase classname="backend.tests.backend_test.TestCoOwnerBenefits" name="test_payload" time="0.060" /><testcase classname="backend.tests.backend_test.TestSupport" name="test_get" time="0.059" /><testcase classname="backend.tests.backend_test.TestSupport" name="test_contact" time="0.057" /><testcase classname="backend.tests.backend_test.TestSettings" name="test_get" time="0.063" /><testcase classname="backend.tests.backend_test.TestSettings" name="test_put_persists" time="0.167" /><testcase classname="backend.tests.backend_test.TestZLogout" name="test_logout_clears_session" time="0.000"><skipped type="pytest.skip" message="Skipped to preserve seeded session for downstream UI tests">/app/backend/tests/backend_test.py:272: Skipped to preserve seeded session for downstream UI tests</skipped></testcase><testcase classname="backend.tests.backend_test.TestLeaderboardRealAggregates" name="test_period_field_matches_and_me_has_balance[weekly]" time="0.058" /><testcase classname="backend.tests.backend_test.TestLeaderboardRealAggregates" name="test_period_field_matches_and_me_has_balance[monthly]" time="0.062" /><testcase classname="backend.tests.backend_test.TestLeaderboardRealAggregates" name="test_period_field_matches_and_me_has_balance[all_time]" time="0.058" /><testcase classname="backend.tests.backend_test.TestWebinarLumaAndLive" name="test_upcoming_carries_luma_and_is_live_and_registered" time="0.056" /><testcase classname="backend.tests.backend_test.TestWebinarLumaAndLive" name="test_register_returns_luma_url_and_idempotent" time="0.112" /><testcase classname="backend.tests.backend_test.TestWebinarRemind" name="test_remind_requires_prior_registration" time="0.052" /><testcase classname="backend.tests.backend_test.TestWebinarRemind" name="test_remind_after_register_returns_200" time="0.105" /><testcase classname="backend.tests.backend_test.TestProgressVerifyMobilePhone" name="test_verify_mobile_without_phone_returns_400" time="0.053" /><testcase classname="backend.tests.backend_test.TestProgressVerifyMobilePhone" name="test_verify_mobile_with_phone_persists" time="0.103" /><testcase classname="backend.tests.backend_test.TestSupportContactEmail" name="test_contact_creates_doc_and_returns_message" time="0.050" /><testcase classname="backend.tests.backend_test.TestSettingsPhoneUpdate" name="test_put_settings_persists_phone" time="0.167" /><testcase classname="backend.tests.backend_test.TestReferralLinkUrl" name="test_referral_link_uses_onex_finance" time="0.056" /><testcase classname="backend.tests.backend_test.TestReferralLinkUrl" name="test_referrals_payload_shape" time="0.052" /><testcase classname="backend.tests.backend_test.TestReferralClickPublic" name="test_click_invalid_code" time="0.326" /><testcase classname="backend.tests.backend_test.TestReferralClickPublic" name="test_click_valid_sets_cookie_and_dedupes" time="0.309" /><testcase classname="backend.tests.backend_test.TestReferralClickPublic" name="test_click_pending_clicks_visible_to_referrer" time="0.283" /><testcase classname="backend.tests.backend_test.TestReferralSignupAttribution" name="test_signup_with_ref_credits_referrer_and_marks_click_converted" time="1.351" /></testsuite></testsuites>