<?xml version="1.0" encoding="utf-8"?><testsuites name="pytest tests"><testsuite name="pytest" errors="0" failures="0" skipped="0" tests="18" time="4.328" timestamp="2026-06-22T17:56:58.385793+00:00" hostname="agent-env-2118c01d-a0b2-4f47-8172-0f0e91bc976a"><testcase classname="tests.backend_test.TestDashboard" name="test_dashboard_payload" time="0.321" /><testcase classname="tests.backend_test.TestDashboard" name="test_progress_payload" time="0.050" /><testcase classname="tests.backend_test.TestDashboard" name="test_complete_milestone_grants_aed" time="0.144" /><testcase classname="tests.backend_test.TestWebinars" name="test_upcoming" time="0.049" /><testcase classname="tests.backend_test.TestWebinars" name="test_recorded" time="0.047" /><testcase classname="tests.backend_test.TestWebinars" name="test_register_idempotent" time="0.097" /><testcase classname="tests.backend_test.TestReferrals" name="test_referrals_payload" time="0.057" /><testcase classname="tests.backend_test.TestReferrals" name="test_share_log" time="0.048" /><testcase classname="tests.backend_test.TestWebinarLumaAndLive" name="test_upcoming_carries_luma_and_is_live_and_registered" time="0.049" /><testcase classname="tests.backend_test.TestWebinarLumaAndLive" name="test_register_returns_luma_url_and_idempotent" time="0.092" /><testcase classname="tests.backend_test.TestWebinarRemind" name="test_remind_requires_prior_registration" time="0.045" /><testcase classname="tests.backend_test.TestWebinarRemind" name="test_remind_after_register_returns_200" time="0.094" /><testcase classname="tests.backend_test.TestReferralLinkUrl" name="test_referral_link_uses_onex_finance" time="0.054" /><testcase classname="tests.backend_test.TestReferralLinkUrl" name="test_referrals_payload_shape" time="0.052" /><testcase classname="tests.backend_test.TestReferralClickPublic" name="test_click_invalid_code" time="0.352" /><testcase classname="tests.backend_test.TestReferralClickPublic" name="test_click_valid_sets_cookie_and_dedupes" time="0.335" /><testcase classname="tests.backend_test.TestReferralClickPublic" name="test_click_pending_clicks_visible_to_referrer" time="0.516" /><testcase classname="tests.backend_test.TestReferralSignupAttribution" name="test_signup_with_ref_credits_referrer_and_marks_click_converted" time="1.757" /></testsuite></testsuites>